<?xml version="1.0" encoding="UTF-8"?>
<!-- Generated by org.testng.reporters.JUnitReportReporter -->
<testsuite hostname="Lenovo" failures="0" tests="3" name="testNG.IgnoreTest" time="0.049" errors="0" timestamp="12 Dec 2022 17:21:37 GMT" skipped="2">
  <testcase classname="testNG.IgnoreTest" name="kids" time="0.049"/>
  <testcase classname="testNG.IgnoreTest" name="mens">
    <skipped/>
  </testcase> <!-- mens -->
  <testcase classname="testNG.IgnoreTest" name="born_babies">
    <skipped/>
  </testcase> <!-- born_babies -->
</testsuite> <!-- testNG.IgnoreTest -->
